2026-05-03T13:42:43+0000 [410] INFO --- DNF5 launched with arguments: "dnf install -y wine" ---
2026-05-03T13:42:43+0000 [410] DEBUG Loading plugin file="/usr/lib64/dnf5/plugins/builddep_cmd_plugin.so"
2026-05-03T13:42:43+0000 [410] INFO Loaded dnf5 plugin "builddep" ("/usr/lib64/dnf5/plugins/builddep_cmd_plugin.so") version "1.0.0"
2026-05-03T13:42:43+0000 [410] DEBUG Loading plugin file="/usr/lib64/dnf5/plugins/changelog_cmd_plugin.so"
2026-05-03T13:42:43+0000 [410] INFO Loaded dnf5 plugin "changelog" ("/usr/lib64/dnf5/plugins/changelog_cmd_plugin.so") version "1.0.0"
2026-05-03T13:42:43+0000 [410] DEBUG Loading plugin file="/usr/lib64/dnf5/plugins/config-manager_cmd_plugin.so"
2026-05-03T13:42:43+0000 [410] INFO Loaded dnf5 plugin "config-manager" ("/usr/lib64/dnf5/plugins/config-manager_cmd_plugin.so") version "0.1.0"
2026-05-03T13:42:43+0000 [410] DEBUG Loading plugin file="/usr/lib64/dnf5/plugins/copr_cmd_plugin.so"
2026-05-03T13:42:43+0000 [410] INFO Loaded dnf5 plugin "copr" ("/usr/lib64/dnf5/plugins/copr_cmd_plugin.so") version "0.1.0"
2026-05-03T13:42:43+0000 [410] DEBUG Loading plugin file="/usr/lib64/dnf5/plugins/needs_restarting_cmd_plugin.so"
2026-05-03T13:42:43+0000 [410] INFO Loaded dnf5 plugin "needs_restarting" ("/usr/lib64/dnf5/plugins/needs_restarting_cmd_plugin.so") version "1.0.0"
2026-05-03T13:42:43+0000 [410] DEBUG Loading plugin file="/usr/lib64/dnf5/plugins/repoclosure_cmd_plugin.so"
2026-05-03T13:42:43+0000 [410] INFO Loaded dnf5 plugin "repoclosure" ("/usr/lib64/dnf5/plugins/repoclosure_cmd_plugin.so") version "1.0.0"
2026-05-03T13:42:43+0000 [410] DEBUG Loading plugin file="/usr/lib64/dnf5/plugins/repomanage_cmd_plugin.so"
2026-05-03T13:42:43+0000 [410] INFO Loaded dnf5 plugin "repomanage" ("/usr/lib64/dnf5/plugins/repomanage_cmd_plugin.so") version "1.0.0"
2026-05-03T13:42:43+0000 [410] DEBUG Loading plugin file="/usr/lib64/dnf5/plugins/reposync_cmd_plugin.so"
2026-05-03T13:42:43+0000 [410] INFO Loaded dnf5 plugin "reposync" ("/usr/lib64/dnf5/plugins/reposync_cmd_plugin.so") version "1.0.0"
2026-05-03T13:42:43+0000 [410] DEBUG Creating repo "fedora-cisco-openh264" from config file "/etc/yum.repos.d/fedora-cisco-openh264.repo" section "fedora-cisco-openh264"
2026-05-03T13:42:43+0000 [410] DEBUG Creating repo "fedora-cisco-openh264-debuginfo" from config file "/etc/yum.repos.d/fedora-cisco-openh264.repo" section "fedora-cisco-openh264-debuginfo"
2026-05-03T13:42:43+0000 [410] DEBUG Creating repo "fedora-cisco-openh264-source" from config file "/etc/yum.repos.d/fedora-cisco-openh264.repo" section "fedora-cisco-openh264-source"
2026-05-03T13:42:43+0000 [410] DEBUG Creating repo "updates-testing" from config file "/etc/yum.repos.d/fedora-updates-testing.repo" section "updates-testing"
2026-05-03T13:42:43+0000 [410] DEBUG Creating repo "updates-testing-debuginfo" from config file "/etc/yum.repos.d/fedora-updates-testing.repo" section "updates-testing-debuginfo"
2026-05-03T13:42:43+0000 [410] DEBUG Creating repo "updates-testing-source" from config file "/etc/yum.repos.d/fedora-updates-testing.repo" section "updates-testing-source"
2026-05-03T13:42:43+0000 [410] DEBUG Creating repo "updates" from config file "/etc/yum.repos.d/fedora-updates.repo" section "updates"
2026-05-03T13:42:43+0000 [410] DEBUG Creating repo "updates-debuginfo" from config file "/etc/yum.repos.d/fedora-updates.repo" section "updates-debuginfo"
2026-05-03T13:42:43+0000 [410] DEBUG Creating repo "updates-source" from config file "/etc/yum.repos.d/fedora-updates.repo" section "updates-source"
2026-05-03T13:42:43+0000 [410] DEBUG Creating repo "fedora" from config file "/etc/yum.repos.d/fedora.repo" section "fedora"
2026-05-03T13:42:43+0000 [410] DEBUG Creating repo "fedora-debuginfo" from config file "/etc/yum.repos.d/fedora.repo" section "fedora-debuginfo"
2026-05-03T13:42:43+0000 [410] DEBUG Creating repo "fedora-source" from config file "/etc/yum.repos.d/fedora.repo" section "fedora-source"
2026-05-03T13:42:43+0000 [410] DEBUG Creating repo "nodesource-nodejs" from config file "/etc/yum.repos.d/nodesource-nodejs.repo" section "nodesource-nodejs"
2026-05-03T13:42:43+0000 [410] DEBUG Creating repo "nodesource-nsolid" from config file "/etc/yum.repos.d/nodesource-nsolid.repo" section "nodesource-nsolid"
2026-05-03T13:42:43+0000 [410] ERROR Command returned error: The requested operation requires superuser privileges. Please log in as a user with elevated rights, or use the "--assumeno" or "--downloadonly" options to run the command without modifying the system state.
